[2023-07-19 14:50:06,875] multiqc                                            [DEBUG  ]  This is MultiQC v1.14
[2023-07-19 14:50:06,875] multiqc                                            [DEBUG  ]  Command used: /home/wasif_pclab/anaconda3/envs/multiqc/bin/multiqc . --interactive
[2023-07-19 14:50:07,321] multiqc                                            [DEBUG  ]  Latest MultiQC version is v1.14
[2023-07-19 14:50:07,321] multiqc                                            [DEBUG  ]  Working dir : /media/Second_stor/wasif/WK_Rprojects/RP_230718_Taste_Genes_Analysis_1/Fastqc/Fastqc_BS384/FastQC_Results_trim_galored_BS384
[2023-07-19 14:50:07,321] multiqc                                            [DEBUG  ]  Template    : default
[2023-07-19 14:50:07,322] multiqc                                            [DEBUG  ]  Running Python 3.11.4 | packaged by conda-forge | (main, Jun 10 2023, 18:08:17) [GCC 12.2.0]
[2023-07-19 14:50:07,322] multiqc                                            [DEBUG  ]  Analysing modules: custom_content, ccs, ngsderive, purple, conpair, lima, peddy, somalier, methylQA, mosdepth, phantompeakqualtools, qualimap, preseq, hifiasm, quast, qorts, rna_seqc, rockhopper, rsem, rseqc, busco, bustools, goleft_indexcov, gffcompare, disambiguate, supernova, deeptools, sargasso, verifybamid, mirtrace, happy, mirtop, sambamba, gopeaks, homer, hops, macs2, theta2, snpeff, gatk, htseq, bcftools, featureCounts, fgbio, dragen, dragen_fastqc, dedup, pbmarkdup, damageprofiler, biobambam2, jcvi, mtnucratio, picard, vep, sentieon, prokka, qc3C, nanostat, samblaster, samtools, sexdeterrmine, eigenstratdatabasetools, bamtools, jellyfish, vcftools, longranger, stacks, varscan2, snippy, umitools, bbmap, bismark, biscuit, diamond, hicexplorer, hicup, hicpro, salmon, kallisto, slamdunk, star, hisat2, tophat, bowtie2, bowtie1, cellranger, snpsplit, odgi, pangolin, nextclade, humid, kat, leehom, adapterRemoval, bbduk, clipandmerge, cutadapt, flexbar, kaiju, kraken, malt, motus, trimmomatic, sickle, skewer, sortmerna, biobloomtools, fastq_screen, afterqc, fastp, fastqc, filtlong, prinseqplusplus, pychopper, porechop, pycoqc, minionqc, anglerfish, multivcfanalyzer, clusterflow, checkqc, bcl2fastq, bclconvert, interop, ivar, flash, seqyclean, optitype, whatshap
[2023-07-19 14:50:07,323] multiqc                                            [DEBUG  ]  Using temporary directory for creating report: /tmp/tmpafxya93z
[2023-07-19 14:50:07,379] multiqc                                            [INFO   ]  Search path : /media/Second_stor/wasif/WK_Rprojects/RP_230718_Taste_Genes_Analysis_1/Fastqc/Fastqc_BS384/FastQC_Results_trim_galored_BS384
[2023-07-19 14:50:50,818] multiqc                                            [DEBUG  ]  Summary of files that were skipped by the search: [skipped_module_specific_max_filesize: 8448] // [skipped_no_match: 768]
[2023-07-19 14:50:51,158] multiqc.plots.bargraph                             [DEBUG  ]  Using matplotlib version 3.7.1
[2023-07-19 14:50:51,159] multiqc.plots.linegraph                            [DEBUG  ]  Using matplotlib version 3.7.1
[2023-07-19 14:50:51,160] multiqc                                            [DEBUG  ]  No samples found: custom_content
[2023-07-19 14:51:21,544] multiqc.modules.fastqc.fastqc                      [INFO   ]  Found 768 reports
[2023-07-19 14:51:28,409] multiqc.plots.table                                [DEBUG  ]  Plotting beeswarm instead of table, 768 samples
[2023-07-19 14:51:28,410] multiqc                                            [INFO   ]  Compressing plot data
[2023-07-19 14:51:34,804] multiqc                                            [INFO   ]  Report      : multiqc_report.html
[2023-07-19 14:51:34,804] multiqc                                            [INFO   ]  Data        : multiqc_data
[2023-07-19 14:51:34,804] multiqc                                            [DEBUG  ]  Moving data file from '/tmp/tmpafxya93z/multiqc_data' to '/media/Second_stor/wasif/WK_Rprojects/RP_230718_Taste_Genes_Analysis_1/Fastqc/Fastqc_BS384/FastQC_Results_trim_galored_BS384/multiqc_data'
[2023-07-19 14:51:34,943] multiqc                                            [INFO   ]  MultiQC complete
