[2023-07-18 14:34:12,337] multiqc                                            [DEBUG  ]  This is MultiQC v1.14
[2023-07-18 14:34:12,337] multiqc                                            [DEBUG  ]  Command used: /home/wasif_pclab/anaconda3/envs/multiqc/bin/multiqc .
[2023-07-18 14:34:12,703] multiqc                                            [DEBUG  ]  Latest MultiQC version is v1.14
[2023-07-18 14:34:12,703] multiqc                                            [DEBUG  ]  Working dir : /media/Second_stor/wasif/WK_Rprojects/RP_230718_Taste_Genes_Analysis_1/Fastqc/Fastqc_BS384/FastQC_Results_BS384
[2023-07-18 14:34:12,703] multiqc                                            [DEBUG  ]  Template    : default
[2023-07-18 14:34:12,703] multiqc                                            [DEBUG  ]  Running Python 3.11.4 | packaged by conda-forge | (main, Jun 10 2023, 18:08:17) [GCC 12.2.0]
[2023-07-18 14:34:12,704] multiqc                                            [DEBUG  ]  Analysing modules: custom_content, ccs, ngsderive, purple, conpair, lima, peddy, somalier, methylQA, mosdepth, phantompeakqualtools, qualimap, preseq, hifiasm, quast, qorts, rna_seqc, rockhopper, rsem, rseqc, busco, bustools, goleft_indexcov, gffcompare, disambiguate, supernova, deeptools, sargasso, verifybamid, mirtrace, happy, mirtop, sambamba, gopeaks, homer, hops, macs2, theta2, snpeff, gatk, htseq, bcftools, featureCounts, fgbio, dragen, dragen_fastqc, dedup, pbmarkdup, damageprofiler, biobambam2, jcvi, mtnucratio, picard, vep, sentieon, prokka, qc3C, nanostat, samblaster, samtools, sexdeterrmine, eigenstratdatabasetools, bamtools, jellyfish, vcftools, longranger, stacks, varscan2, snippy, umitools, bbmap, bismark, biscuit, diamond, hicexplorer, hicup, hicpro, salmon, kallisto, slamdunk, star, hisat2, tophat, bowtie2, bowtie1, cellranger, snpsplit, odgi, pangolin, nextclade, humid, kat, leehom, adapterRemoval, bbduk, clipandmerge, cutadapt, flexbar, kaiju, kraken, malt, motus, trimmomatic, sickle, skewer, sortmerna, biobloomtools, fastq_screen, afterqc, fastp, fastqc, filtlong, prinseqplusplus, pychopper, porechop, pycoqc, minionqc, anglerfish, multivcfanalyzer, clusterflow, checkqc, bcl2fastq, bclconvert, interop, ivar, flash, seqyclean, optitype, whatshap
[2023-07-18 14:34:12,704] multiqc                                            [DEBUG  ]  Using temporary directory for creating report: /tmp/tmp0isyrxps
[2023-07-18 14:34:12,761] multiqc                                            [INFO   ]  Search path : /media/Second_stor/wasif/WK_Rprojects/RP_230718_Taste_Genes_Analysis_1/Fastqc/Fastqc_BS384/FastQC_Results_BS384
[2023-07-18 14:34:49,849] multiqc                                            [DEBUG  ]  Summary of files that were skipped by the search: [skipped_module_specific_max_filesize: 6952] // [skipped_no_match: 632]
[2023-07-18 14:34:50,194] multiqc.plots.bargraph                             [DEBUG  ]  Using matplotlib version 3.7.1
[2023-07-18 14:34:50,194] multiqc.plots.linegraph                            [DEBUG  ]  Using matplotlib version 3.7.1
[2023-07-18 14:34:50,195] multiqc                                            [DEBUG  ]  No samples found: custom_content
[2023-07-18 14:35:15,821] multiqc.modules.fastqc.fastqc                      [INFO   ]  Found 632 reports
[2023-07-18 14:35:33,551] multiqc.plots.table                                [DEBUG  ]  Plotting beeswarm instead of table, 632 samples
[2023-07-18 14:35:33,552] multiqc                                            [INFO   ]  Compressing plot data
[2023-07-18 14:35:33,723] multiqc                                            [INFO   ]  Report      : multiqc_report.html
[2023-07-18 14:35:33,723] multiqc                                            [INFO   ]  Data        : multiqc_data
[2023-07-18 14:35:33,723] multiqc                                            [DEBUG  ]  Moving data file from '/tmp/tmp0isyrxps/multiqc_data' to '/media/Second_stor/wasif/WK_Rprojects/RP_230718_Taste_Genes_Analysis_1/Fastqc/Fastqc_BS384/FastQC_Results_BS384/multiqc_data'
[2023-07-18 14:35:33,809] multiqc                                            [INFO   ]  MultiQC complete
[2023-07-18 14:35:33,809] multiqc                                            [WARNING]  8 flat-image plots used in the report due to large sample numbers
