[2023-07-18 16:59:14,651] multiqc                                            [DEBUG  ]  This is MultiQC v1.14
[2023-07-18 16:59:14,651] multiqc                                            [DEBUG  ]  Command used: /home/wasif_pclab/anaconda3/envs/multiqc/bin/multiqc FastQC_Results_trim_galored_BS384/.
[2023-07-18 16:59:15,000] multiqc                                            [DEBUG  ]  Latest MultiQC version is v1.14
[2023-07-18 16:59:15,000] multiqc                                            [DEBUG  ]  Working dir : /media/Second_stor/wasif/WK_Rprojects/RP_230718_Taste_Genes_Analysis_1/Fastqc/Fastqc_BS384
[2023-07-18 16:59:15,000] multiqc                                            [DEBUG  ]  Template    : default
[2023-07-18 16:59:15,000] multiqc                                            [DEBUG  ]  Running Python 3.11.4 | packaged by conda-forge | (main, Jun 10 2023, 18:08:17) [GCC 12.2.0]
[2023-07-18 16:59:15,001] multiqc                                            [DEBUG  ]  Analysing modules: custom_content, ccs, ngsderive, purple, conpair, lima, peddy, somalier, methylQA, mosdepth, phantompeakqualtools, qualimap, preseq, hifiasm, quast, qorts, rna_seqc, rockhopper, rsem, rseqc, busco, bustools, goleft_indexcov, gffcompare, disambiguate, supernova, deeptools, sargasso, verifybamid, mirtrace, happy, mirtop, sambamba, gopeaks, homer, hops, macs2, theta2, snpeff, gatk, htseq, bcftools, featureCounts, fgbio, dragen, dragen_fastqc, dedup, pbmarkdup, damageprofiler, biobambam2, jcvi, mtnucratio, picard, vep, sentieon, prokka, qc3C, nanostat, samblaster, samtools, sexdeterrmine, eigenstratdatabasetools, bamtools, jellyfish, vcftools, longranger, stacks, varscan2, snippy, umitools, bbmap, bismark, biscuit, diamond, hicexplorer, hicup, hicpro, salmon, kallisto, slamdunk, star, hisat2, tophat, bowtie2, bowtie1, cellranger, snpsplit, odgi, pangolin, nextclade, humid, kat, leehom, adapterRemoval, bbduk, clipandmerge, cutadapt, flexbar, kaiju, kraken, malt, motus, trimmomatic, sickle, skewer, sortmerna, biobloomtools, fastq_screen, afterqc, fastp, fastqc, filtlong, prinseqplusplus, pychopper, porechop, pycoqc, minionqc, anglerfish, multivcfanalyzer, clusterflow, checkqc, bcl2fastq, bclconvert, interop, ivar, flash, seqyclean, optitype, whatshap
[2023-07-18 16:59:15,002] multiqc                                            [DEBUG  ]  Using temporary directory for creating report: /tmp/tmpd8gmk0is
[2023-07-18 16:59:15,047] multiqc                                            [INFO   ]  Search path : /media/Second_stor/wasif/WK_Rprojects/RP_230718_Taste_Genes_Analysis_1/Fastqc/Fastqc_BS384/FastQC_Results_trim_galored_BS384
[2023-07-18 16:59:35,617] multiqc                                            [DEBUG  ]  Summary of files that were skipped by the search: [skipped_module_specific_max_filesize: 5368] // [skipped_no_match: 488]
[2023-07-18 16:59:35,916] multiqc.plots.bargraph                             [DEBUG  ]  Using matplotlib version 3.7.1
[2023-07-18 16:59:35,916] multiqc.plots.linegraph                            [DEBUG  ]  Using matplotlib version 3.7.1
[2023-07-18 16:59:35,917] multiqc                                            [DEBUG  ]  No samples found: custom_content
[2023-07-18 16:59:44,274] multiqc.modules.fastqc.fastqc                      [WARNING]  Couldn't read 'NS.2150.TSP0301---TSP200X.BS_418_R1_trimmed_fastqc.zip' - Bad zip file
[2023-07-18 16:59:44,275] multiqc.modules.fastqc.fastqc                      [DEBUG  ]  Bad zip file error: File is not a zip file
[2023-07-18 16:59:50,637] multiqc.modules.fastqc.fastqc                      [INFO   ]  Found 488 reports
[2023-07-18 17:00:04,966] multiqc                                            [INFO   ]  Compressing plot data
[2023-07-18 17:00:05,053] multiqc                                            [WARNING]  Previous MultiQC output found! Adjusting filenames..
[2023-07-18 17:00:05,053] multiqc                                            [WARNING]  Use -f or --force to overwrite existing reports instead
[2023-07-18 17:00:05,053] multiqc                                            [INFO   ]  Report      : multiqc_report_1.html
[2023-07-18 17:00:05,053] multiqc                                            [INFO   ]  Data        : multiqc_data_1
[2023-07-18 17:00:05,053] multiqc                                            [DEBUG  ]  Moving data file from '/tmp/tmpd8gmk0is/multiqc_data' to '/media/Second_stor/wasif/WK_Rprojects/RP_230718_Taste_Genes_Analysis_1/Fastqc/Fastqc_BS384/multiqc_data_1'
[2023-07-18 17:00:05,130] multiqc                                            [INFO   ]  MultiQC complete
[2023-07-18 17:00:05,130] multiqc                                            [WARNING]  8 flat-image plots used in the report due to large sample numbers
