[2023-07-25 09:39:20,109] multiqc                                            [DEBUG  ]  This is MultiQC v1.14
[2023-07-25 09:39:20,109] multiqc                                            [DEBUG  ]  Command used: /home/wasif_pclab/anaconda3/envs/multiqc/bin/multiqc /media/Second_stor/wasif/WK_Rprojects/RP_230718_Taste_Genes_Analysis_1/MultiQC_Results/aligned_bam --outdir /media/Second_stor/wasif/WK_Rprojects/RP_230718_Taste_Genes_Analysis_1/MultiQC_Results/aligned_bam
[2023-07-25 09:39:30,734] multiqc                                            [DEBUG  ]  Latest MultiQC version is v1.14
[2023-07-25 09:39:30,734] multiqc                                            [DEBUG  ]  Working dir : /home/wasif_pclab
[2023-07-25 09:39:30,735] multiqc                                            [DEBUG  ]  Template    : default
[2023-07-25 09:39:30,735] multiqc                                            [DEBUG  ]  Running Python 3.11.4 | packaged by conda-forge | (main, Jun 10 2023, 18:08:17) [GCC 12.2.0]
[2023-07-25 09:39:30,736] multiqc                                            [DEBUG  ]  Analysing modules: custom_content, ccs, ngsderive, purple, conpair, lima, peddy, somalier, methylQA, mosdepth, phantompeakqualtools, qualimap, preseq, hifiasm, quast, qorts, rna_seqc, rockhopper, rsem, rseqc, busco, bustools, goleft_indexcov, gffcompare, disambiguate, supernova, deeptools, sargasso, verifybamid, mirtrace, happy, mirtop, sambamba, gopeaks, homer, hops, macs2, theta2, snpeff, gatk, htseq, bcftools, featureCounts, fgbio, dragen, dragen_fastqc, dedup, pbmarkdup, damageprofiler, biobambam2, jcvi, mtnucratio, picard, vep, sentieon, prokka, qc3C, nanostat, samblaster, samtools, sexdeterrmine, eigenstratdatabasetools, bamtools, jellyfish, vcftools, longranger, stacks, varscan2, snippy, umitools, bbmap, bismark, biscuit, diamond, hicexplorer, hicup, hicpro, salmon, kallisto, slamdunk, star, hisat2, tophat, bowtie2, bowtie1, cellranger, snpsplit, odgi, pangolin, nextclade, humid, kat, leehom, adapterRemoval, bbduk, clipandmerge, cutadapt, flexbar, kaiju, kraken, malt, motus, trimmomatic, sickle, skewer, sortmerna, biobloomtools, fastq_screen, afterqc, fastp, fastqc, filtlong, prinseqplusplus, pychopper, porechop, pycoqc, minionqc, anglerfish, multivcfanalyzer, clusterflow, checkqc, bcl2fastq, bclconvert, interop, ivar, flash, seqyclean, optitype, whatshap
[2023-07-25 09:39:30,736] multiqc                                            [DEBUG  ]  Using temporary directory for creating report: /tmp/tmpx800lx6b
[2023-07-25 09:39:30,783] multiqc                                            [INFO   ]  Search path : /media/Second_stor/wasif/WK_Rprojects/RP_230718_Taste_Genes_Analysis_1/MultiQC_Results/aligned_bam
[2023-07-25 09:41:00,755] multiqc                                            [DEBUG  ]  Summary of files that were skipped by the search: [skipped_module_specific_max_filesize: 26496] // [skipped_no_match: 17280]
[2023-07-25 09:41:01,035] multiqc.plots.bargraph                             [DEBUG  ]  Using matplotlib version 3.7.1
[2023-07-25 09:41:01,036] multiqc.plots.linegraph                            [DEBUG  ]  Using matplotlib version 3.7.1
[2023-07-25 09:41:01,036] multiqc                                            [DEBUG  ]  No samples found: custom_content
[2023-07-25 09:41:09,219] multiqc.modules.qualimap.QM_BamQC                  [DEBUG  ]  Using default Qualimap thresholds: 1, 5, 10, 30, 50
[2023-07-25 09:41:13,828] multiqc.modules.qualimap.qualimap                  [INFO   ]  Found 384 BamQC reports
[2023-07-25 09:41:14,337] multiqc                                            [INFO   ]  Compressing plot data
[2023-07-25 09:41:14,369] multiqc                                            [INFO   ]  Report      : ../../media/Second_stor/wasif/WK_Rprojects/RP_230718_Taste_Genes_Analysis_1/MultiQC_Results/aligned_bam/multiqc_report.html
[2023-07-25 09:41:14,369] multiqc                                            [INFO   ]  Data        : ../../media/Second_stor/wasif/WK_Rprojects/RP_230718_Taste_Genes_Analysis_1/MultiQC_Results/aligned_bam/multiqc_data
[2023-07-25 09:41:14,369] multiqc                                            [DEBUG  ]  Moving data file from '/tmp/tmpx800lx6b/multiqc_data' to '/media/Second_stor/wasif/WK_Rprojects/RP_230718_Taste_Genes_Analysis_1/MultiQC_Results/aligned_bam/multiqc_data'
[2023-07-25 09:41:14,433] multiqc                                            [INFO   ]  MultiQC complete
[2023-07-25 09:41:14,433] multiqc                                            [WARNING]  4 flat-image plots used in the report due to large sample numbers
